mar. 03, 2025 4:20:36 PM liquibase.changelog
INFO: Reading resource: db/changelog/migrations/db.changelog-202503031432.sql
mar. 03, 2025 4:20:36 PM liquibase.changelog
INFO: Reading from board.databasechangelog
mar. 03, 2025 4:20:36 PM liquibase.changelog
INFO: Reading resource: db/changelog/migrations/db.changelog-202503031549.sql
mar. 03, 2025 4:20:36 PM liquibase.changelog
INFO: Reading resource: db/changelog/migrations/db.changelog-202503031558.sql
mar. 03, 2025 4:20:36 PM liquibase.changelog
INFO: Reading resource: db/changelog/migrations/db.changelog-202503031559.sql
mar. 03, 2025 4:20:36 PM liquibase.changelog
INFO: Reading resource: db/changelog/migrations/db.changelog-202503031616.sql
mar. 03, 2025 4:20:37 PM liquibase.lockservice
INFO: Successfully acquired change log lock
mar. 03, 2025 4:20:37 PM liquibase.command
INFO: Using deploymentId: 1029636430
mar. 03, 2025 4:20:37 PM liquibase.changelog
INFO: Reading from board.databasechangelog
Running Changeset: db/changelog/migrations/db.changelog-202503031616.sql::202503031559::lidia
mar. 03, 2025 4:20:38 PM liquibase.changelog
INFO: Custom SQL executed
mar. 03, 2025 4:20:38 PM liquibase.changelog
INFO: ChangeSet db/changelog/migrations/db.changelog-202503031616.sql::202503031559::lidia ran successfully in 955ms

UPDATE SUMMARY
Run:                          1
Previously run:               4
Filtered out:                 0
-------------------------------
Total change sets:            5

mar. 03, 2025 4:20:38 PM liquibase.util
INFO: UPDATE SUMMARY
mar. 03, 2025 4:20:38 PM liquibase.util
INFO: Run:                          1
mar. 03, 2025 4:20:38 PM liquibase.util
INFO: Previously run:               4
mar. 03, 2025 4:20:38 PM liquibase.util
INFO: Filtered out:                 0
mar. 03, 2025 4:20:38 PM liquibase.util
INFO: -------------------------------
mar. 03, 2025 4:20:38 PM liquibase.util
INFO: Total change sets:            5
mar. 03, 2025 4:20:38 PM liquibase.util
INFO: Update summary generated
mar. 03, 2025 4:20:38 PM liquibase.command
INFO: Update command completed successfully.
Liquibase: Update has been successful. Rows affected: 1
mar. 03, 2025 4:20:38 PM liquibase.lockservice
INFO: Successfully released change log lock
mar. 03, 2025 4:20:38 PM liquibase.command
INFO: Command execution complete
